2023-02-21 14:40:16,292:INFO:PyCaret Supervised Module
2023-02-21 14:40:16,292:INFO:ML Usecase: regression
2023-02-21 14:40:16,292:INFO:version 2.2.3
2023-02-21 14:40:16,292:INFO:Initializing setup()
2023-02-21 14:40:16,292:INFO:setup(target=DB, ml_usecase=regression, available_plots={'parameter': 'Hyperparameters', 'residuals': 'Residuals', 'error': 'Prediction Error', 'cooks': 'Cooks Distance', 'rfe': 'Feature Selection', 'learning': 'Learning Curve', 'manifold': 'Manifold Learning', 'vc': 'Validation Curve', 'feature': 'Feature Importance', 'feature_all': 'Feature Importance (All)', 'tree': 'Decision Tree'}, train_size=0.7, test_data=None, preprocess=True, imputation_type=simple, iterative_imputation_iters=5, categorical_features=None, categorical_imputation=constant, categorical_iterative_imputer=lightgbm, ordinal_features=None, high_cardinality_features=None, high_cardinality_method=frequency, numeric_features=None, numeric_imputation=mean, numeric_iterative_imputer=lightgbm, date_features=None, ignore_features=None, normalize=False, normalize_method=zscore, transformation=False, transformation_method=yeo-johnson, handle_unknown_categorical=True, unknown_categorical_method=least_frequent, pca=False, pca_method=linear, pca_components=None, ignore_low_variance=False, combine_rare_levels=False, rare_level_threshold=0.1, bin_numeric_features=None, remove_outliers=False, outliers_threshold=0.05, remove_multicollinearity=False, multicollinearity_threshold=0.9, remove_perfect_collinearity=True, create_clusters=False, cluster_iter=20, polynomial_features=False, polynomial_degree=2, trigonometry_features=False, polynomial_threshold=0.1, group_features=None, group_names=None, feature_selection=False, feature_selection_threshold=0.8, feature_selection_method=classic, feature_interaction=False, feature_ratio=False, interaction_threshold=0.01, fix_imbalance=False, fix_imbalance_method=None, transform_target=False, transform_target_method=box-cox, data_split_shuffle=True, data_split_stratify=False, fold_strategy=kfold, fold=10, fold_shuffle=True, fold_groups=None, n_jobs=-1, use_gpu=False, custom_pipeline=None, html=True, session_id=None, log_experiment=False, experiment_name=None, log_plots=False, log_profile=False, log_data=False, silent=False, verbose=True, profile=False, profile_kwargs=None, display=None)
2023-02-21 14:40:16,292:INFO:Checking environment
2023-02-21 14:40:16,292:INFO:python_version: 3.10.8
2023-02-21 14:40:16,292:INFO:python_build: ('main', 'Nov 24 2022 14:07:00')
2023-02-21 14:40:16,292:INFO:machine: AMD64
2023-02-21 14:40:16,292:INFO:platform: Windows-10-10.0.19044-SP0
2023-02-21 14:40:16,292:INFO:Memory: svmem(total=51224043520, available=35698642944, percent=30.3, used=15525400576, free=35698642944)
2023-02-21 14:40:16,293:INFO:Physical Core: 10
2023-02-21 14:40:16,293:INFO:Logical Core: 12
2023-02-21 14:40:16,293:INFO:Checking libraries
2023-02-21 14:40:16,293:INFO:pd==1.4.2
2023-02-21 14:40:16,293:INFO:numpy==1.22.3
2023-02-21 14:40:16,293:INFO:sklearn==1.1.1
2023-02-21 14:40:16,416:INFO:xgboost==1.6.1
2023-02-21 14:40:16,416:INFO:lightgbm==3.3.2
2023-02-21 14:40:16,495:INFO:catboost==1.1.1
2023-02-21 14:40:17,126:INFO:mlflow==1.26.1
2023-02-21 14:40:17,127:INFO:Checking Exceptions
2023-02-21 14:40:17,127:INFO:Declaring global variables
2023-02-21 14:40:17,127:INFO:USI: 70a2
2023-02-21 14:40:17,127:INFO:pycaret_globals: {'data_before_preprocess', 'iterative_imputation_iters_param', 'logging_param', 'log_plots_param', 'y_train', 'transform_target_param', 'prep_pipe', 'imputation_regressor', 'y', 'html_param', 'transform_target_method_param', 'X', 'target_param', 'exp_name_log', 'master_model_container', '_gpu_n_jobs_param', 'n_jobs_param', 'gpu_param', 'fold_param', 'pycaret_globals', 'fix_imbalance_method_param', 'USI', 'display_container', 'seed', 'fix_imbalance_param', 'create_model_container', 'fold_generator', 'X_test', '_internal_pipeline', 'fold_shuffle_param', '_all_models_internal', 'imputation_classifier', 'X_train', 'y_test', 'fold_groups_param', '_available_plots', '_all_metrics', 'experiment__', 'stratify_param', '_ml_usecase', '_all_models'}
2023-02-21 14:40:17,127:INFO:Preparing display monitor
2023-02-21 14:40:17,127:INFO:Preparing display monitor
2023-02-21 14:40:17,134:INFO:Importing libraries
2023-02-21 14:40:17,134:INFO:Copying data for preprocessing
2023-02-21 14:40:17,140:INFO:Declaring preprocessing parameters
2023-02-21 14:40:17,141:INFO:Creating preprocessing pipeline
2023-02-21 14:40:17,156:INFO:Preprocessing pipeline created successfully
2023-02-21 14:40:17,156:ERROR:(Process Exit): setup has been interupted with user command 'quit'. setup must rerun.
2023-02-21 14:40:17,156:INFO:Creating global containers
2023-02-21 14:40:17,160:INFO:Internal pipeline: Pipeline(memory=None, steps=[('empty_step', 'passthrough')], verbose=False)
2023-02-21 14:43:44,068:INFO:PyCaret Supervised Module
2023-02-21 14:43:44,068:INFO:ML Usecase: regression
2023-02-21 14:43:44,069:INFO:version 2.2.3
2023-02-21 14:43:44,069:INFO:Initializing setup()
2023-02-21 14:43:44,069:INFO:setup(target=DB, ml_usecase=regression, available_plots={'parameter': 'Hyperparameters', 'residuals': 'Residuals', 'error': 'Prediction Error', 'cooks': 'Cooks Distance', 'rfe': 'Feature Selection', 'learning': 'Learning Curve', 'manifold': 'Manifold Learning', 'vc': 'Validation Curve', 'feature': 'Feature Importance', 'feature_all': 'Feature Importance (All)', 'tree': 'Decision Tree'}, train_size=0.7, test_data=None, preprocess=True, imputation_type=simple, iterative_imputation_iters=5, categorical_features=None, categorical_imputation=constant, categorical_iterative_imputer=lightgbm, ordinal_features=None, high_cardinality_features=None, high_cardinality_method=frequency, numeric_features=None, numeric_imputation=mean, numeric_iterative_imputer=lightgbm, date_features=None, ignore_features=None, normalize=False, normalize_method=zscore, transformation=False, transformation_method=yeo-johnson, handle_unknown_categorical=True, unknown_categorical_method=least_frequent, pca=False, pca_method=linear, pca_components=None, ignore_low_variance=False, combine_rare_levels=False, rare_level_threshold=0.1, bin_numeric_features=None, remove_outliers=False, outliers_threshold=0.05, remove_multicollinearity=False, multicollinearity_threshold=0.9, remove_perfect_collinearity=True, create_clusters=False, cluster_iter=20, polynomial_features=False, polynomial_degree=2, trigonometry_features=False, polynomial_threshold=0.1, group_features=None, group_names=None, feature_selection=False, feature_selection_threshold=0.8, feature_selection_method=classic, feature_interaction=False, feature_ratio=False, interaction_threshold=0.01, fix_imbalance=False, fix_imbalance_method=None, transform_target=False, transform_target_method=box-cox, data_split_shuffle=True, data_split_stratify=False, fold_strategy=kfold, fold=10, fold_shuffle=True, fold_groups=None, n_jobs=-1, use_gpu=False, custom_pipeline=None, html=True, session_id=None, log_experiment=False, experiment_name=None, log_plots=False, log_profile=False, log_data=False, silent=False, verbose=True, profile=False, profile_kwargs=None, display=None)
2023-02-21 14:43:44,069:INFO:Checking environment
2023-02-21 14:43:44,069:INFO:python_version: 3.10.8
2023-02-21 14:43:44,069:INFO:python_build: ('main', 'Nov 24 2022 14:07:00')
2023-02-21 14:43:44,070:INFO:machine: AMD64
2023-02-21 14:43:44,070:INFO:platform: Windows-10-10.0.19044-SP0
2023-02-21 14:43:44,070:INFO:Memory: svmem(total=51224043520, available=35579228160, percent=30.5, used=15644815360, free=35579228160)
2023-02-21 14:43:44,070:INFO:Physical Core: 10
2023-02-21 14:43:44,070:INFO:Logical Core: 12
2023-02-21 14:43:44,070:INFO:Checking libraries
2023-02-21 14:43:44,071:INFO:pd==1.4.2
2023-02-21 14:43:44,071:INFO:numpy==1.22.3
2023-02-21 14:43:44,071:INFO:sklearn==1.1.1
2023-02-21 14:43:44,133:INFO:xgboost==1.6.1
2023-02-21 14:43:44,134:INFO:lightgbm==3.3.2
2023-02-21 14:43:44,151:INFO:catboost==1.1.1
2023-02-21 14:43:44,534:INFO:mlflow==1.26.1
2023-02-21 14:43:44,535:INFO:Checking Exceptions
2023-02-21 14:43:44,535:INFO:Declaring global variables
2023-02-21 14:43:44,536:INFO:USI: 2509
2023-02-21 14:43:44,536:INFO:pycaret_globals: {'fix_imbalance_param', 'stratify_param', 'fix_imbalance_method_param', 'display_container', 'y_train', 'create_model_container', 'master_model_container', 'iterative_imputation_iters_param', 'USI', 'y_test', '_all_models_internal', 'fold_groups_param', 'transform_target_param', 'target_param', '_internal_pipeline', 'transform_target_method_param', '_ml_usecase', 'seed', 'fold_param', 'imputation_classifier', '_available_plots', 'X', 'experiment__', 'gpu_param', 'X_train', 'log_plots_param', 'logging_param', 'X_test', '_gpu_n_jobs_param', 'pycaret_globals', 'y', 'imputation_regressor', 'fold_generator', '_all_models', 'exp_name_log', '_all_metrics', 'html_param', 'prep_pipe', 'data_before_preprocess', 'n_jobs_param', 'fold_shuffle_param'}
2023-02-21 14:43:44,536:INFO:Preparing display monitor
2023-02-21 14:43:44,536:INFO:Preparing display monitor
2023-02-21 14:43:44,543:INFO:Importing libraries
2023-02-21 14:43:44,543:INFO:Copying data for preprocessing
2023-02-21 14:43:44,550:INFO:Declaring preprocessing parameters
2023-02-21 14:43:44,552:INFO:Creating preprocessing pipeline
2023-02-21 14:43:44,569:INFO:Preprocessing pipeline created successfully
2023-02-21 14:43:44,569:ERROR:(Process Exit): setup has been interupted with user command 'quit'. setup must rerun.
2023-02-21 14:43:44,569:INFO:Creating global containers
2023-02-21 14:43:44,570:INFO:Internal pipeline: Pipeline(memory=None, steps=[('empty_step', 'passthrough')], verbose=False)
2023-02-21 14:43:45,076:INFO:Creating grid variables
2023-02-21 14:43:45,085:INFO:create_model_container: 0
2023-02-21 14:43:45,085:INFO:master_model_container: 0
2023-02-21 14:43:45,085:INFO:display_container: 1
2023-02-21 15:04:53,937:INFO:PyCaret Supervised Module
2023-02-21 15:04:53,937:INFO:ML Usecase: regression
2023-02-21 15:04:53,937:INFO:version 2.2.3
2023-02-21 15:04:53,938:INFO:Initializing setup()
2023-02-21 15:04:53,938:INFO:setup(target=DB, ml_usecase=regression, available_plots={'parameter': 'Hyperparameters', 'residuals': 'Residuals', 'error': 'Prediction Error', 'cooks': 'Cooks Distance', 'rfe': 'Feature Selection', 'learning': 'Learning Curve', 'manifold': 'Manifold Learning', 'vc': 'Validation Curve', 'feature': 'Feature Importance', 'feature_all': 'Feature Importance (All)', 'tree': 'Decision Tree'}, train_size=0.7, test_data=None, preprocess=True, imputation_type=simple, iterative_imputation_iters=5, categorical_features=None, categorical_imputation=constant, categorical_iterative_imputer=lightgbm, ordinal_features=None, high_cardinality_features=None, high_cardinality_method=frequency, numeric_features=None, numeric_imputation=mean, numeric_iterative_imputer=lightgbm, date_features=None, ignore_features=None, normalize=False, normalize_method=zscore, transformation=False, transformation_method=yeo-johnson, handle_unknown_categorical=True, unknown_categorical_method=least_frequent, pca=False, pca_method=linear, pca_components=None, ignore_low_variance=False, combine_rare_levels=False, rare_level_threshold=0.1, bin_numeric_features=None, remove_outliers=False, outliers_threshold=0.05, remove_multicollinearity=False, multicollinearity_threshold=0.9, remove_perfect_collinearity=True, create_clusters=False, cluster_iter=20, polynomial_features=False, polynomial_degree=2, trigonometry_features=False, polynomial_threshold=0.1, group_features=None, group_names=None, feature_selection=False, feature_selection_threshold=0.8, feature_selection_method=classic, feature_interaction=False, feature_ratio=False, interaction_threshold=0.01, fix_imbalance=False, fix_imbalance_method=None, transform_target=False, transform_target_method=box-cox, data_split_shuffle=True, data_split_stratify=False, fold_strategy=kfold, fold=10, fold_shuffle=True, fold_groups=None, n_jobs=-1, use_gpu=False, custom_pipeline=None, html=True, session_id=None, log_experiment=False, experiment_name=None, log_plots=False, log_profile=False, log_data=False, silent=False, verbose=True, profile=False, profile_kwargs=None, display=None)
2023-02-21 15:04:53,938:INFO:Checking environment
2023-02-21 15:04:53,938:INFO:python_version: 3.10.8
2023-02-21 15:04:53,938:INFO:python_build: ('main', 'Nov 24 2022 14:07:00')
2023-02-21 15:04:53,938:INFO:machine: AMD64
2023-02-21 15:04:53,938:INFO:platform: Windows-10-10.0.19044-SP0
2023-02-21 15:04:53,938:INFO:Memory: svmem(total=51224043520, available=35748331520, percent=30.2, used=15475712000, free=35748331520)
2023-02-21 15:04:53,938:INFO:Physical Core: 10
2023-02-21 15:04:53,938:INFO:Logical Core: 12
2023-02-21 15:04:53,938:INFO:Checking libraries
2023-02-21 15:04:53,938:INFO:pd==1.4.2
2023-02-21 15:04:53,938:INFO:numpy==1.22.3
2023-02-21 15:04:53,938:INFO:sklearn==1.1.1
2023-02-21 15:04:53,996:INFO:xgboost==1.6.1
2023-02-21 15:04:53,996:INFO:lightgbm==3.3.2
2023-02-21 15:04:54,010:INFO:catboost==1.1.1
2023-02-21 15:04:54,369:INFO:mlflow==1.26.1
2023-02-21 15:04:54,370:INFO:Checking Exceptions
2023-02-21 15:04:54,370:INFO:Declaring global variables
2023-02-21 15:04:54,370:INFO:USI: 28aa
2023-02-21 15:04:54,370:INFO:pycaret_globals: {'y_train', 'master_model_container', 'logging_param', 'gpu_param', 'fold_generator', '_all_models_internal', 'USI', 'fold_groups_param', 'X_train', '_ml_usecase', 'fold_param', 'data_before_preprocess', 'exp_name_log', 'X', 'fold_shuffle_param', 'X_test', 'target_param', 'fix_imbalance_method_param', 'transform_target_param', 'imputation_regressor', 'iterative_imputation_iters_param', 'n_jobs_param', 'y', 'html_param', 'y_test', 'experiment__', 'create_model_container', 'pycaret_globals', '_internal_pipeline', 'imputation_classifier', '_all_models', 'prep_pipe', 'display_container', 'transform_target_method_param', '_all_metrics', '_available_plots', '_gpu_n_jobs_param', 'log_plots_param', 'seed', 'fix_imbalance_param', 'stratify_param'}
2023-02-21 15:04:54,370:INFO:Preparing display monitor
2023-02-21 15:04:54,370:INFO:Preparing display monitor
2023-02-21 15:04:54,381:INFO:Importing libraries
2023-02-21 15:04:54,381:INFO:Copying data for preprocessing
2023-02-21 15:04:54,387:INFO:Declaring preprocessing parameters
2023-02-21 15:04:54,388:INFO:Creating preprocessing pipeline
2023-02-21 15:04:54,390:INFO:Preprocessing pipeline created successfully
2023-02-21 15:04:54,390:ERROR:(Process Exit): setup has been interupted with user command 'quit'. setup must rerun.
2023-02-21 15:04:54,390:INFO:Creating global containers
2023-02-21 15:04:54,391:INFO:Internal pipeline: Pipeline(memory=None, steps=[('empty_step', 'passthrough')], verbose=False)
2023-02-21 15:04:54,774:INFO:Creating grid variables
2023-02-21 15:04:54,783:INFO:create_model_container: 0
2023-02-21 15:04:54,783:INFO:master_model_container: 0
2023-02-21 15:04:54,783:INFO:display_container: 1
2023-03-07 07:50:49,073:INFO:PyCaret Supervised Module
2023-03-07 07:50:49,073:INFO:ML Usecase: regression
2023-03-07 07:50:49,073:INFO:version 2.2.3
2023-03-07 07:50:49,073:INFO:Initializing setup()
2023-03-07 07:50:49,073:INFO:setup(target=DB, ml_usecase=regression, available_plots={'parameter': 'Hyperparameters', 'residuals': 'Residuals', 'error': 'Prediction Error', 'cooks': 'Cooks Distance', 'rfe': 'Feature Selection', 'learning': 'Learning Curve', 'manifold': 'Manifold Learning', 'vc': 'Validation Curve', 'feature': 'Feature Importance', 'feature_all': 'Feature Importance (All)', 'tree': 'Decision Tree'}, train_size=0.7, test_data=None, preprocess=True, imputation_type=simple, iterative_imputation_iters=5, categorical_features=None, categorical_imputation=constant, categorical_iterative_imputer=lightgbm, ordinal_features=None, high_cardinality_features=None, high_cardinality_method=frequency, numeric_features=None, numeric_imputation=mean, numeric_iterative_imputer=lightgbm, date_features=None, ignore_features=None, normalize=False, normalize_method=zscore, transformation=False, transformation_method=yeo-johnson, handle_unknown_categorical=True, unknown_categorical_method=least_frequent, pca=False, pca_method=linear, pca_components=None, ignore_low_variance=False, combine_rare_levels=False, rare_level_threshold=0.1, bin_numeric_features=None, remove_outliers=False, outliers_threshold=0.05, remove_multicollinearity=False, multicollinearity_threshold=0.9, remove_perfect_collinearity=True, create_clusters=False, cluster_iter=20, polynomial_features=False, polynomial_degree=2, trigonometry_features=False, polynomial_threshold=0.1, group_features=None, group_names=None, feature_selection=False, feature_selection_threshold=0.8, feature_selection_method=classic, feature_interaction=False, feature_ratio=False, interaction_threshold=0.01, fix_imbalance=False, fix_imbalance_method=None, transform_target=False, transform_target_method=box-cox, data_split_shuffle=True, data_split_stratify=False, fold_strategy=kfold, fold=10, fold_shuffle=True, fold_groups=None, n_jobs=-1, use_gpu=False, custom_pipeline=None, html=True, session_id=None, log_experiment=False, experiment_name=None, log_plots=False, log_profile=False, log_data=False, silent=False, verbose=True, profile=False, profile_kwargs=None, display=None)
2023-03-07 07:50:49,074:INFO:Checking environment
2023-03-07 07:50:49,074:INFO:python_version: 3.10.8
2023-03-07 07:50:49,074:INFO:python_build: ('main', 'Nov 24 2022 14:07:00')
2023-03-07 07:50:49,074:INFO:machine: AMD64
2023-03-07 07:50:49,074:INFO:platform: Windows-10-10.0.19044-SP0
2023-03-07 07:50:49,074:INFO:Memory: svmem(total=51224043520, available=36428763136, percent=28.9, used=14795280384, free=36428763136)
2023-03-07 07:50:49,074:INFO:Physical Core: 10
2023-03-07 07:50:49,074:INFO:Logical Core: 12
2023-03-07 07:50:49,074:INFO:Checking libraries
2023-03-07 07:50:49,074:INFO:pd==1.4.2
2023-03-07 07:50:49,074:INFO:numpy==1.22.3
2023-03-07 07:50:49,074:INFO:sklearn==1.1.1
2023-03-07 07:50:49,184:INFO:xgboost==1.6.1
2023-03-07 07:50:49,185:INFO:lightgbm==3.3.2
2023-03-07 07:50:49,281:INFO:catboost==1.1.1
2023-03-07 07:50:50,213:INFO:mlflow==1.26.1
2023-03-07 07:50:50,214:INFO:Checking Exceptions
2023-03-07 07:50:50,214:INFO:Declaring global variables
2023-03-07 07:50:50,214:INFO:USI: f275
2023-03-07 07:50:50,214:INFO:pycaret_globals: {'n_jobs_param', 'create_model_container', 'transform_target_method_param', 'imputation_classifier', 'stratify_param', 'fold_param', 'fix_imbalance_method_param', 'X_train', 'html_param', 'target_param', 'pycaret_globals', '_gpu_n_jobs_param', 'transform_target_param', 'experiment__', 'fix_imbalance_param', 'fold_generator', 'prep_pipe', '_ml_usecase', 'X', 'master_model_container', 'imputation_regressor', '_all_models', 'display_container', 'iterative_imputation_iters_param', '_available_plots', 'fold_groups_param', 'gpu_param', 'exp_name_log', 'y_test', '_all_models_internal', 'y_train', 'data_before_preprocess', 'logging_param', 'X_test', 'USI', 'log_plots_param', '_all_metrics', '_internal_pipeline', 'y', 'fold_shuffle_param', 'seed'}
2023-03-07 07:50:50,214:INFO:Preparing display monitor
2023-03-07 07:50:50,214:INFO:Preparing display monitor
2023-03-07 07:50:50,223:INFO:Importing libraries
2023-03-07 07:50:50,224:INFO:Copying data for preprocessing
2023-03-07 07:50:50,228:INFO:Declaring preprocessing parameters
2023-03-07 07:50:50,229:INFO:Creating preprocessing pipeline
2023-03-07 07:50:50,231:INFO:Preprocessing pipeline created successfully
2023-03-07 07:50:50,232:ERROR:(Process Exit): setup has been interupted with user command 'quit'. setup must rerun.
2023-03-07 07:50:50,232:INFO:Creating global containers
2023-03-07 07:50:50,235:INFO:Internal pipeline: Pipeline(memory=None, steps=[('empty_step', 'passthrough')], verbose=False)
